<?xml version="1.0" encoding="UTF-8"?>
<testsuite name="tourGuide.TestRewardsService" tests="3" skipped="0" failures="0" errors="0" timestamp="2022-07-12T09:35:08" hostname="DESKTOP-A56R38B" time="30.108">
  <properties/>
  <testcase name="nearAllAttractions" classname="tourGuide.TestRewardsService" time="20.029"/>
  <testcase name="userGetRewards" classname="tourGuide.TestRewardsService" time="10.064"/>
  <testcase name="isWithinAttractionProximity" classname="tourGuide.TestRewardsService" time="0.015"/>
  <system-out><![CDATA[11:35:08.346 [Test worker] INFO tourGuide.service.TourGuideService - TestMode enabled
11:35:08.346 [Test worker] DEBUG tourGuide.service.TourGuideService - Initializing users
11:35:08.347 [Test worker] DEBUG tourGuide.service.TourGuideService - Created 1 internal test users.
11:35:08.347 [Test worker] DEBUG tourGuide.service.TourGuideService - Finished initializing users
11:35:08.347 [pool-11-thread-1] DEBUG tourGuide.tracker.Tracker - Begin Tracker. Tracking 1 users.
11:35:08.348 [pool-11-thread-1] DEBUG tourGuide.tracker.Tracker - Tracker Time Elapsed: 0 seconds.
11:35:08.348 [pool-11-thread-1] DEBUG tourGuide.tracker.Tracker - Tracker sleeping
11:35:28.376 [Test worker] INFO tourGuide.service.TourGuideService - TestMode enabled
11:35:28.376 [Test worker] DEBUG tourGuide.service.TourGuideService - Initializing users
11:35:28.378 [Test worker] DEBUG tourGuide.service.TourGuideService - Created 0 internal test users.
11:35:28.378 [Test worker] DEBUG tourGuide.service.TourGuideService - Finished initializing users
11:35:28.378 [pool-14-thread-1] DEBUG tourGuide.tracker.Tracker - Begin Tracker. Tracking 0 users.
11:35:28.379 [pool-14-thread-1] DEBUG tourGuide.tracker.Tracker - Tracker Time Elapsed: 0 seconds.
11:35:28.379 [pool-14-thread-1] DEBUG tourGuide.tracker.Tracker - Tracker sleeping
]]></system-out>
  <system-err><![CDATA[]]></system-err>
</testsuite>
